2025-07-01 18:04:32 [INFO] - INICIANDO: Preparacion del paquete Lambda
2025-07-01 18:04:32 [INFO] - VALIDACION: .NET Framework disponible
2025-07-01 18:04:32 [INFO] - LIMPIEZA: Limpiando carpetas si existen
2025-07-01 18:04:32 [INFO] - SETUP: Creando carpetas de trabajo
2025-07-01 18:04:32 [INFO] - DEPENDENCIAS: Instalando dependencias desde requirements.txt
2025-07-01 18:04:33 [INFO] - DEPENDENCIAS: Ejecutando pip install
2025-07-01 18:04:37 [INFO] - DEPENDENCIAS: Instalacion exitosa - Se detectaron 2 paquetes principales
2025-07-01 18:04:37 [INFO] -   - requests instalado
2025-07-01 18:04:37 [INFO] -   - requests-2.32.4.dist-info instalado
2025-07-01 18:04:37 [INFO] - VERIFICACION: Total de 11 directorios de paquetes en build
2025-07-01 18:04:37 [INFO] - COPIA: Copiando archivos fuente con exclusiones agresivas
2025-07-01 18:04:37 [INFO] - COPIA: Se copiaron 3 archivos (0 MB), se excluyeron 227
2025-07-01 18:04:37 [INFO] - OPTIMIZACION: Optimizando dependencias pesadas para AWS Lambda
2025-07-01 18:04:37 [INFO] - OPTIMIZACION: Optimizacion de dependencias completada
2025-07-01 18:04:37 [INFO] - CONTEO: Se empaquetaran 196 archivos en total (post-optimizacion)
2025-07-01 18:04:37 [INFO] - VERIFICACION: Se encontraron 80 archivos Python
2025-07-01 18:04:37 [INFO] - COMPRESION: Empaquetando ZIP con compresion Optimal
2025-07-01 18:04:37 [SUCCESS] - EXITO: ZIP creado en: C:\devwork\repository_lambda\Publicar\repository_lambda_20250701_180437.zip
2025-07-01 18:04:37 [INFO] - VALIDACION: Validando integridad del ZIP
2025-07-01 18:04:37 [SUCCESS] - EXITO: ZIP contiene 196 entradas
2025-07-01 18:04:37 [INFO] - TAMANO: ZIP final de 1.01 MB
2025-07-01 18:04:37 [SUCCESS] - EXITO: ZIP de 1.01 MB - OK para carga directa en consola AWS
2025-07-01 18:04:38 [INFO] - LIMPIEZA: Carpeta build eliminada
2025-07-01 18:04:38 [INFO] - COMPLETADO: Paquete listo para AWS Lambda
2025-07-01 18:04:38 [INFO] - UBICACION: C:\devwork\repository_lambda\Publicar\repository_lambda_20250701_180437.zip
